<?xml version="1.0" encoding="UTF-8"?>
<!-- Generated by org.testng.reporters.JUnitReportReporter -->
<testsuite hostname="DESKTOP-L8HA428" failures="0" tests="5" name="com.example.apitests.ApiTests" time="5.402" errors="0" timestamp="2025-04-06T19:25:24 GMT-04:00" skipped="0">
  <testcase classname="com.example.apitests.ApiTests" name="testCreateUser" time="3.847"/>
  <system-out/>
  <testcase classname="com.example.apitests.ApiTests" name="testDeleteUser" time="0.493"/>
  <system-out/>
  <testcase classname="com.example.apitests.ApiTests" name="testGetUsers" time="0.105"/>
  <system-out/>
  <testcase classname="com.example.apitests.ApiTests" name="testUpdateUser" time="0.311"/>
  <system-out/>
  <testcase classname="com.example.apitests.ApiTests" name="testGetUserById" time="0.646"/>
  <system-out/>
</testsuite> <!-- com.example.apitests.ApiTests -->
