<?xml version="1.0" encoding="UTF-8"?>
<!-- Generated by org.testng.reporters.JUnitReportReporter -->
<testsuite hostname="DESKTOP-L8HA428" failures="0" tests="5" name="com.example.apitests.ApiTests" time="6.143" errors="0" timestamp="2025-04-07T16:47:20 GMT-04:00" skipped="0">
  <testcase classname="com.example.apitests.ApiTests" name="testGetUserById" time="1.075"/>
  <system-out/>
  <testcase classname="com.example.apitests.ApiTests" name="testCreateUser" time="2.679"/>
  <system-out/>
  <testcase classname="com.example.apitests.ApiTests" name="testUpdateUser" time="1.231"/>
  <system-out/>
  <testcase classname="com.example.apitests.ApiTests" name="testDeleteUser" time="0.623"/>
  <system-out/>
  <testcase classname="com.example.apitests.ApiTests" name="testGetUsers" time="0.535"/>
  <system-out/>
</testsuite> <!-- com.example.apitests.ApiTests -->
