<?xml version="1.0" encoding="UTF-8"?>
<!-- Generated by org.testng.reporters.JUnitReportReporter -->
<testsuite hostname="DESKTOP-L8HA428" failures="0" tests="5" name="com.example.apitests.ApiTests" time="4.449" errors="0" timestamp="2025-04-07T16:46:57 GMT-04:00" skipped="0">
  <testcase classname="com.example.apitests.ApiTests" name="testCreateUser" time="2.692"/>
  <system-out/>
  <testcase classname="com.example.apitests.ApiTests" name="testDeleteUser" time="0.268"/>
  <system-out/>
  <testcase classname="com.example.apitests.ApiTests" name="testGetUsers" time="0.126"/>
  <system-out/>
  <testcase classname="com.example.apitests.ApiTests" name="testGetUserById" time="1.053"/>
  <system-out/>
  <testcase classname="com.example.apitests.ApiTests" name="testUpdateUser" time="0.310"/>
  <system-out/>
</testsuite> <!-- com.example.apitests.ApiTests -->
